2025-03-28 15:09:51.523857 - Received CBT.V508.FILE072.PDS from FILE072.XMI 
2025-03-28 15:09:51.525718 - Found $$$#DATE.txt (text/plain) in CBT.V508.FILE072.PDS, moved to PDS/$$$#DATE
2025-03-28 15:09:51.526882 - Found @FILE072.txt (text/plain) in CBT.V508.FILE072.PDS, moved to PDS/@FILE072
2025-03-28 15:09:51.528197 - Found ISR@PRIM.txt (text/plain) in CBT.V508.FILE072.PDS, moved to PDS/ISR@PRIM
2025-03-28 15:09:51.529745 - Found PEIRFLDS.txt (text/plain) in CBT.V508.FILE072.PDS, moved to PDS/PEIRFLDS
2025-03-28 15:09:51.530734 - Found PXPBROBF.txt (text/plain) in CBT.V508.FILE072.PDS, moved to PDS/PXPBROBF
2025-03-28 15:09:51.531924 - Found PXPCMDS.bin (application/octet-stream) in CBT.V508.FILE072.PDS, moved to PDS/PXPCMDS
2025-03-28 15:09:51.535005 - Found PXPCMDSX.txt (text/plain) in CBT.V508.FILE072.PDS, moved to PDS/PXPCMDSX
2025-03-28 15:09:51.536385 - Found PXPEDDE.txt (text/plain) in CBT.V508.FILE072.PDS, moved to PDS/PXPEDDE
2025-03-28 15:09:51.537258 - Found PXPIMACB.txt (text/plain) in CBT.V508.FILE072.PDS, moved to PDS/PXPIMACB
2025-03-28 15:09:51.537963 - Found PXPIMACE.txt (text/plain) in CBT.V508.FILE072.PDS, moved to PDS/PXPIMACE
2025-03-28 15:09:51.538926 - Found PXPIRFLD.txt (text/plain) in CBT.V508.FILE072.PDS, moved to PDS/PXPIRFLD
2025-03-28 15:09:51.540547 - Found PXPLOGO.txt (text/plain) in CBT.V508.FILE072.PDS, moved to PDS/PXPLOGO
2025-03-28 15:09:51.542865 - Found PXPVOLD.txt (text/plain) in CBT.V508.FILE072.PDS, moved to PDS/PXPVOLD
2025-03-28 15:09:51.544256 - Found PXPVOLR.txt (text/plain) in CBT.V508.FILE072.PDS, moved to PDS/PXPVOLR
2025-03-28 15:09:51.546263 - Found PXP00.txt (text/plain) in CBT.V508.FILE072.PDS, moved to PDS/PXP00
2025-03-28 15:09:51.547496 - Found PXP000@.txt (text/plain) in CBT.V508.FILE072.PDS, moved to PDS/PXP000@
2025-03-28 15:09:51.548705 - Found PXP000A.txt (text/plain) in CBT.V508.FILE072.PDS, moved to PDS/PXP000A
2025-03-28 15:09:51.549538 - Found PXP000B1.txt (text/plain) in CBT.V508.FILE072.PDS, moved to PDS/PXP000B1
2025-03-28 15:09:51.550681 - Found PXP000B2.txt (text/plain) in CBT.V508.FILE072.PDS, moved to PDS/PXP000B2
2025-03-28 15:09:51.553020 - Found PXP000B3.txt (text/plain) in CBT.V508.FILE072.PDS, moved to PDS/PXP000B3
2025-03-28 15:09:51.554548 - Found PXP000B4.txt (text/plain) in CBT.V508.FILE072.PDS, moved to PDS/PXP000B4
2025-03-28 15:09:51.555769 - Found PXP000B5.txt (text/plain) in CBT.V508.FILE072.PDS, moved to PDS/PXP000B5
2025-03-28 15:09:51.556636 - Found PXP000B6.txt (text/plain) in CBT.V508.FILE072.PDS, moved to PDS/PXP000B6
2025-03-28 15:09:51.557180 - Found PXP000B7.txt (text/plain) in CBT.V508.FILE072.PDS, moved to PDS/PXP000B7
2025-03-28 15:09:51.557860 - Found PXP000B8.txt (text/plain) in CBT.V508.FILE072.PDS, moved to PDS/PXP000B8
2025-03-28 15:09:51.558662 - Found PXP000CA.txt (text/plain) in CBT.V508.FILE072.PDS, moved to PDS/PXP000CA
2025-03-28 15:09:51.560000 - Found PXP000CB.txt (text/plain) in CBT.V508.FILE072.PDS, moved to PDS/PXP000CB
2025-03-28 15:09:51.561522 - Found PXP000CC.txt (text/plain) in CBT.V508.FILE072.PDS, moved to PDS/PXP000CC
2025-03-28 15:09:51.563572 - Found PXP000CD.txt (text/plain) in CBT.V508.FILE072.PDS, moved to PDS/PXP000CD
2025-03-28 15:09:51.564786 - Found PXP000CE.txt (text/plain) in CBT.V508.FILE072.PDS, moved to PDS/PXP000CE
2025-03-28 15:09:51.565655 - Found PXP000CF.txt (text/plain) in CBT.V508.FILE072.PDS, moved to PDS/PXP000CF
2025-03-28 15:09:51.566379 - Found PXP000CG.txt (text/plain) in CBT.V508.FILE072.PDS, moved to PDS/PXP000CG
2025-03-28 15:09:51.567114 - Found PXP000CH.txt (text/plain) in CBT.V508.FILE072.PDS, moved to PDS/PXP000CH
2025-03-28 15:09:51.567858 - Found PXP000CI.txt (text/plain) in CBT.V508.FILE072.PDS, moved to PDS/PXP000CI
2025-03-28 15:09:51.568771 - Found PXP000CJ.txt (text/plain) in CBT.V508.FILE072.PDS, moved to PDS/PXP000CJ
2025-03-28 15:09:51.569547 - Found PXP000CK.txt (text/plain) in CBT.V508.FILE072.PDS, moved to PDS/PXP000CK
2025-03-28 15:09:51.570578 - Found PXP000CL.txt (text/plain) in CBT.V508.FILE072.PDS, moved to PDS/PXP000CL
2025-03-28 15:09:51.571484 - Found PXP000CM.txt (text/plain) in CBT.V508.FILE072.PDS, moved to PDS/PXP000CM
2025-03-28 15:09:51.572927 - Found PXP000C0.txt (text/plain) in CBT.V508.FILE072.PDS, moved to PDS/PXP000C0
2025-03-28 15:09:51.574481 - Found PXP000C1.txt (text/plain) in CBT.V508.FILE072.PDS, moved to PDS/PXP000C1
2025-03-28 15:09:51.575655 - Found PXP000C2.txt (text/plain) in CBT.V508.FILE072.PDS, moved to PDS/PXP000C2
2025-03-28 15:09:51.576777 - Found PXP000C3.txt (text/plain) in CBT.V508.FILE072.PDS, moved to PDS/PXP000C3
2025-03-28 15:09:51.577577 - Found PXP000C4.txt (text/plain) in CBT.V508.FILE072.PDS, moved to PDS/PXP000C4
2025-03-28 15:09:51.578423 - Found PXP000C5.txt (text/plain) in CBT.V508.FILE072.PDS, moved to PDS/PXP000C5
2025-03-28 15:09:51.579158 - Found PXP000C6.txt (text/plain) in CBT.V508.FILE072.PDS, moved to PDS/PXP000C6
2025-03-28 15:09:51.579781 - Found PXP000C7.txt (text/plain) in CBT.V508.FILE072.PDS, moved to PDS/PXP000C7
2025-03-28 15:09:51.580370 - Found PXP000C8.txt (text/plain) in CBT.V508.FILE072.PDS, moved to PDS/PXP000C8
2025-03-28 15:09:51.581526 - Found PXP000C9.txt (text/plain) in CBT.V508.FILE072.PDS, moved to PDS/PXP000C9
2025-03-28 15:09:51.583351 - Found PXP000D.txt (text/plain) in CBT.V508.FILE072.PDS, moved to PDS/PXP000D
2025-03-28 15:09:51.584960 - Found PXP000E.txt (text/plain) in CBT.V508.FILE072.PDS, moved to PDS/PXP000E
2025-03-28 15:09:51.585908 - Found PXP000F.txt (text/plain) in CBT.V508.FILE072.PDS, moved to PDS/PXP000F
2025-03-28 15:09:51.586808 - Found PXP000G1.txt (text/plain) in CBT.V508.FILE072.PDS, moved to PDS/PXP000G1
2025-03-28 15:09:51.587388 - Found PXP000G2.txt (text/plain) in CBT.V508.FILE072.PDS, moved to PDS/PXP000G2
2025-03-28 15:09:51.588063 - Found PXP000G3.txt (text/plain) in CBT.V508.FILE072.PDS, moved to PDS/PXP000G3
2025-03-28 15:09:51.588715 - Found PXP000H.txt (text/plain) in CBT.V508.FILE072.PDS, moved to PDS/PXP000H
2025-03-28 15:09:51.589470 - Found PXP000I.txt (text/plain) in CBT.V508.FILE072.PDS, moved to PDS/PXP000I
2025-03-28 15:09:51.590386 - Found PXP000JA.txt (text/plain) in CBT.V508.FILE072.PDS, moved to PDS/PXP000JA
2025-03-28 15:09:51.591090 - Found PXP000JB.txt (text/plain) in CBT.V508.FILE072.PDS, moved to PDS/PXP000JB
2025-03-28 15:09:51.591691 - Found PXP000JC.txt (text/plain) in CBT.V508.FILE072.PDS, moved to PDS/PXP000JC
2025-03-28 15:09:51.592530 - Found PXP000JD.txt (text/plain) in CBT.V508.FILE072.PDS, moved to PDS/PXP000JD
2025-03-28 15:09:51.593781 - Found PXP000JE.txt (text/plain) in CBT.V508.FILE072.PDS, moved to PDS/PXP000JE
2025-03-28 15:09:51.595030 - Found PXP000JF.txt (text/plain) in CBT.V508.FILE072.PDS, moved to PDS/PXP000JF
2025-03-28 15:09:51.596371 - Found PXP000J1.txt (text/plain) in CBT.V508.FILE072.PDS, moved to PDS/PXP000J1
2025-03-28 15:09:51.597441 - Found PXP000J2.txt (text/plain) in CBT.V508.FILE072.PDS, moved to PDS/PXP000J2
2025-03-28 15:09:51.598071 - Found PXP000J3.txt (text/plain) in CBT.V508.FILE072.PDS, moved to PDS/PXP000J3
2025-03-28 15:09:51.598739 - Found PXP000J4.txt (text/plain) in CBT.V508.FILE072.PDS, moved to PDS/PXP000J4
2025-03-28 15:09:51.599393 - Found PXP000J5.txt (text/plain) in CBT.V508.FILE072.PDS, moved to PDS/PXP000J5
2025-03-28 15:09:51.600067 - Found PXP000J6.txt (text/plain) in CBT.V508.FILE072.PDS, moved to PDS/PXP000J6
2025-03-28 15:09:51.601140 - Found PXP000J7.txt (text/plain) in CBT.V508.FILE072.PDS, moved to PDS/PXP000J7
2025-03-28 15:09:51.601850 - Found PXP000K.txt (text/plain) in CBT.V508.FILE072.PDS, moved to PDS/PXP000K
2025-03-28 15:09:51.602693 - Found PXP000L1.txt (text/plain) in CBT.V508.FILE072.PDS, moved to PDS/PXP000L1
2025-03-28 15:09:51.603525 - Found PXP000L2.txt (text/plain) in CBT.V508.FILE072.PDS, moved to PDS/PXP000L2
2025-03-28 15:09:51.605363 - Found PXP000L3.txt (text/plain) in CBT.V508.FILE072.PDS, moved to PDS/PXP000L3
2025-03-28 15:09:51.606822 - Found PXP000L4.txt (text/plain) in CBT.V508.FILE072.PDS, moved to PDS/PXP000L4
2025-03-28 15:09:51.607660 - Found PXP000M.txt (text/plain) in CBT.V508.FILE072.PDS, moved to PDS/PXP000M
2025-03-28 15:09:51.608612 - Found PXP000N.txt (text/plain) in CBT.V508.FILE072.PDS, moved to PDS/PXP000N
2025-03-28 15:09:51.609364 - Found PXP000O.txt (text/plain) in CBT.V508.FILE072.PDS, moved to PDS/PXP000O
2025-03-28 15:09:51.610081 - Found PXP000P.txt (text/plain) in CBT.V508.FILE072.PDS, moved to PDS/PXP000P
2025-03-28 15:09:51.610694 - Found PXP000Q.txt (text/plain) in CBT.V508.FILE072.PDS, moved to PDS/PXP000Q
2025-03-28 15:09:51.611570 - Found PXP000R.txt (text/plain) in CBT.V508.FILE072.PDS, moved to PDS/PXP000R
2025-03-28 15:09:51.612224 - Found PXP000S.txt (text/plain) in CBT.V508.FILE072.PDS, moved to PDS/PXP000S
2025-03-28 15:09:51.612829 - Found PXP000T1.txt (text/plain) in CBT.V508.FILE072.PDS, moved to PDS/PXP000T1
2025-03-28 15:09:51.613653 - Found PXP000T2.txt (text/plain) in CBT.V508.FILE072.PDS, moved to PDS/PXP000T2
2025-03-28 15:09:51.614245 - Found PXP000U.txt (text/plain) in CBT.V508.FILE072.PDS, moved to PDS/PXP000U
2025-03-28 15:09:51.615777 - Found PXP000V.txt (text/plain) in CBT.V508.FILE072.PDS, moved to PDS/PXP000V
2025-03-28 15:09:51.617583 - Found PXP000W1.txt (text/plain) in CBT.V508.FILE072.PDS, moved to PDS/PXP000W1
2025-03-28 15:09:51.618702 - Found PXP000W2.txt (text/plain) in CBT.V508.FILE072.PDS, moved to PDS/PXP000W2
2025-03-28 15:09:51.619858 - Found PXP000W3.txt (text/plain) in CBT.V508.FILE072.PDS, moved to PDS/PXP000W3
2025-03-28 15:09:51.620879 - Found PXP000X.txt (text/plain) in CBT.V508.FILE072.PDS, moved to PDS/PXP000X
2025-03-28 15:09:51.621617 - Found PXP000Y1.txt (text/plain) in CBT.V508.FILE072.PDS, moved to PDS/PXP000Y1
2025-03-28 15:09:51.623074 - Found PXP000Y2.txt (text/plain) in CBT.V508.FILE072.PDS, moved to PDS/PXP000Y2
2025-03-28 15:09:51.623833 - Found PXP000Y3.txt (text/plain) in CBT.V508.FILE072.PDS, moved to PDS/PXP000Y3
2025-03-28 15:09:51.624694 - Found PXP000Z.txt (text/plain) in CBT.V508.FILE072.PDS, moved to PDS/PXP000Z
2025-03-28 15:09:51.625251 - Found PXP0000.txt (text/plain) in CBT.V508.FILE072.PDS, moved to PDS/PXP0000
2025-03-28 15:09:51.626972 - Found PXP0001.txt (text/plain) in CBT.V508.FILE072.PDS, moved to PDS/PXP0001
2025-03-28 15:09:51.628403 - Found PXP0002.txt (text/plain) in CBT.V508.FILE072.PDS, moved to PDS/PXP0002
2025-03-28 15:09:51.629280 - Found PXP0003.txt (text/plain) in CBT.V508.FILE072.PDS, moved to PDS/PXP0003
2025-03-28 15:09:51.630061 - Found PXP0004.txt (text/plain) in CBT.V508.FILE072.PDS, moved to PDS/PXP0004
2025-03-28 15:09:51.631191 - Found PXP0005.txt (text/plain) in CBT.V508.FILE072.PDS, moved to PDS/PXP0005
2025-03-28 15:09:51.632186 - Found PXP0005S.txt (text/plain) in CBT.V508.FILE072.PDS, moved to PDS/PXP0005S
2025-03-28 15:09:51.632849 - Found PXP0006.txt (text/plain) in CBT.V508.FILE072.PDS, moved to PDS/PXP0006
2025-03-28 15:09:51.633733 - Found PXP0007.txt (text/plain) in CBT.V508.FILE072.PDS, moved to PDS/PXP0007
2025-03-28 15:09:51.634378 - Found PXP0007S.txt (text/plain) in CBT.V508.FILE072.PDS, moved to PDS/PXP0007S
2025-03-28 15:09:51.635130 - Found PXP0008.txt (text/plain) in CBT.V508.FILE072.PDS, moved to PDS/PXP0008
2025-03-28 15:09:51.635906 - Found PXP0009.txt (text/plain) in CBT.V508.FILE072.PDS, moved to PDS/PXP0009
2025-03-28 15:09:51.637965 - Found PXP001A1.txt (text/plain) in CBT.V508.FILE072.PDS, moved to PDS/PXP001A1
2025-03-28 15:09:51.639267 - Found PXP001A2.txt (text/plain) in CBT.V508.FILE072.PDS, moved to PDS/PXP001A2
2025-03-28 15:09:51.641118 - Found PXP0010.txt (text/plain) in CBT.V508.FILE072.PDS, moved to PDS/PXP0010
2025-03-28 15:09:51.642207 - Found PXP0010S.txt (text/plain) in CBT.V508.FILE072.PDS, moved to PDS/PXP0010S
2025-03-28 15:09:51.643060 - Found PXP002A.txt (text/plain) in CBT.V508.FILE072.PDS, moved to PDS/PXP002A
2025-03-28 15:09:51.643677 - Found PXP01.txt (text/plain) in CBT.V508.FILE072.PDS, moved to PDS/PXP01
2025-03-28 15:09:51.644475 - Found PXP0103.txt (text/plain) in CBT.V508.FILE072.PDS, moved to PDS/PXP0103
2025-03-28 15:09:51.647048 - Found PXP02.txt (text/plain) in CBT.V508.FILE072.PDS, moved to PDS/PXP02
2025-03-28 15:09:51.648188 - Found PXP0203.txt (text/plain) in CBT.V508.FILE072.PDS, moved to PDS/PXP0203
2025-03-28 15:09:51.649650 - Found PXP03.txt (text/plain) in CBT.V508.FILE072.PDS, moved to PDS/PXP03
2025-03-28 15:09:51.651975 - Found PXP0303.txt (text/plain) in CBT.V508.FILE072.PDS, moved to PDS/PXP0303
2025-03-28 15:09:51.654300 - Found PXP0403.txt (text/plain) in CBT.V508.FILE072.PDS, moved to PDS/PXP0403
2025-03-28 15:09:51.654837 - Found PXP0503.txt (text/plain) in CBT.V508.FILE072.PDS, moved to PDS/PXP0503
